Using pre-set license
Built from '2020.3/staging' branch; Version is '2020.3.3f1 (76626098c1c4) revision 7758432'; Using compiler version '192528614'; Build Type 'Release'
OS: 'Windows 10 Pro; OS build 19041.1083; Version 2004; 64bit' Language: 'ru' Physical Memory: 8140 MB
BatchMode: 1, IsHumanControllingUs: 0, StartBugReporterOnCrash: 0, Is64bit: 1, IsPro: 0

 COMMAND LINE ARGUMENTS:
C:\Program Files\Unity\Hub\Editor\2020.3.3f1\Editor\Unity.exe
-adb2
-batchMode
-noUpm
-name
AssetImportWorker1
-projectPath
C:/UnityLearn/LaserDefender/Laser Defender
-logFile
Logs/AssetImportWorker1.log
-srvPort
60970
Successfully changed project path to: C:/UnityLearn/LaserDefender/Laser Defender
C:/UnityLearn/LaserDefender/Laser Defender
Using Asset Import Pipeline V2.
Refreshing native plugins compatible for Editor in 151.64 ms, found 1 plugins.
Preloading 0 native plugins for Editor in 0.00 ms.
Initialize engine version: 2020.3.3f1 (76626098c1c4)
[Subsystems] Discovering subsystems at path C:/Program Files/Unity/Hub/Editor/2020.3.3f1/Editor/Data/Resources/UnitySubsystems
[Subsystems] Discovering subsystems at path C:/UnityLearn/LaserDefender/Laser Defender/Assets
GfxDevice: creating device client; threaded=0
Direct3D:
    Version:  Direct3D 11.0 [level 11.1]
    Renderer: NVIDIA GeForce GTX 1650 (ID=0x1f82)
    Vendor:   
    VRAM:     3962 MB
    Driver:   27.21.14.5671
Initialize mono
Mono path[0] = 'C:/Program Files/Unity/Hub/Editor/2020.3.3f1/Editor/Data/Managed'
Mono path[1] = 'C:/Program Files/Unity/Hub/Editor/2020.3.3f1/Editor/Data/MonoBleedingEdge/lib/mono/unityjit'
Mono config path = 'C:/Program Files/Unity/Hub/Editor/2020.3.3f1/Editor/Data/MonoBleedingEdge/etc'
Using monoOptions --debugger-agent=transport=dt_socket,embedding=1,server=y,suspend=n,address=127.0.0.1:56908
Begin MonoManager ReloadAssembly
Registering precompiled unity dll's ...
Register platform support module: C:/Program Files/Unity/Hub/Editor/2020.3.3f1/Editor/Data/PlaybackEngines/WindowsStandaloneSupport/UnityEditor.WindowsStandalone.Extensions.dll
Registered in 0.002936 seconds.
Native extension for WindowsStandalone target not found
Refreshing native plugins compatible for Editor in 71.97 ms, found 1 plugins.
Preloading 0 native plugins for Editor in 0.00 ms.
Invoked RoslynAnalysisRunner static constructor.
RoslynAnalysisRunner will not be running.
RoslynAnalysisRunner has terminated.
Mono: successfully reloaded assembly
- Completed reload, in  3.619 seconds
Platform modules already initialized, skipping
Registering precompiled user dll's ...
Registered in 0.001279 seconds.
Begin MonoManager ReloadAssembly
Native extension for WindowsStandalone target not found
Refreshing native plugins compatible for Editor in 58.74 ms, found 1 plugins.
Preloading 0 native plugins for Editor in 0.00 ms.
Invoked RoslynAnalysisRunner static constructor.
RoslynAnalysisRunner will not be running.
RoslynAnalysisRunner has terminated.
Mono: successfully reloaded assembly
- Completed reload, in  1.423 seconds
Platform modules already initialized, skipping
========================================================================
Worker process is ready to serve import requests
Launched and connected shader compiler UnityShaderCompiler.exe after 0.09 seconds
Refreshing native plugins compatible for Editor in 0.52 ms, found 1 plugins.
Preloading 0 native plugins for Editor in 0.00 ms.
Unloading 1831 Unused Serialized files (Serialized files now loaded: 0)
System memory in use before: 158.7 MB.
System memory in use after: 158.7 MB.

Unloading 24 unused Assets to reduce memory usage. Loaded Objects now: 2278.
Total: 3.250600 ms (FindLiveObjects: 0.787200 ms CreateObjectMapping: 0.182200 ms MarkObjects: 2.127500 ms  DeleteObjects: 0.152100 ms)

========================================================================
Received Import Request.
  path: Assets/Scripts/Level.cs
  artifactKey: Guid(366afa852a45ef346b5a94042404fda6) Importer(815301076,1909f56bfc062723c751e8b465ee728b)
Start importing Assets/Scripts/Level.cs using Guid(366afa852a45ef346b5a94042404fda6) Importer(815301076,1909f56bfc062723c751e8b465ee728b)  -> (artifact id: 'c2716c16982e97cff8b49f8f6b53bb86') in 0.049391 seconds
  Import took 0.054024 seconds .

========================================================================
Received Import Request.
  Time since last request: 396.873007 seconds.
  path: Assets/Scripts/Game Session.cs
  artifactKey: Guid(0c1b9cc12640ffb4ca080352546dc15c) Importer(815301076,1909f56bfc062723c751e8b465ee728b)
Start importing Assets/Scripts/Game Session.cs using Guid(0c1b9cc12640ffb4ca080352546dc15c) Importer(815301076,1909f56bfc062723c751e8b465ee728b)  -> (artifact id: '66ab7e0a8bb637ead234ffb76bdb41c1') in 0.020753 seconds
  Import took 0.046638 seconds .

========================================================================
Received Prepare
Registering precompiled user dll's ...
Registered in 0.001185 seconds.
Begin MonoManager ReloadAssembly
Native extension for WindowsStandalone target not found
Refreshing native plugins compatible for Editor in 0.42 ms, found 1 plugins.
Preloading 0 native plugins for Editor in 0.00 ms.
Invoked RoslynAnalysisRunner static constructor.
RoslynAnalysisRunner will not be running.
RoslynAnalysisRunner has terminated.
Mono: successfully reloaded assembly
- Completed reload, in  1.100 seconds
Platform modules already initialized, skipping
Refreshing native plugins compatible for Editor in 0.41 ms, found 1 plugins.
Preloading 0 native plugins for Editor in 0.00 ms.
Unloading 1814 Unused Serialized files (Serialized files now loaded: 0)
System memory in use before: 157.5 MB.
System memory in use after: 157.4 MB.

Unloading 12 unused Assets to reduce memory usage. Loaded Objects now: 2283.
Total: 2.815900 ms (FindLiveObjects: 0.238200 ms CreateObjectMapping: 0.055300 ms MarkObjects: 2.372200 ms  DeleteObjects: 0.148500 ms)

========================================================================
Received Import Request.
  Time since last request: 18.311069 seconds.
  path: Assets/Scripts/Score Display.cs
  artifactKey: Guid(fc429213bd0bd8a469dc86f5e57dfe4d) Importer(815301076,1909f56bfc062723c751e8b465ee728b)
Start importing Assets/Scripts/Score Display.cs using Guid(fc429213bd0bd8a469dc86f5e57dfe4d) Importer(815301076,1909f56bfc062723c751e8b465ee728b)  -> (artifact id: '6d0c0d4e6570478c3661c8fa95506152') in 0.023015 seconds
  Import took 0.039597 seconds .

========================================================================
Received Prepare
Registering precompiled user dll's ...
Registered in 0.001374 seconds.
Begin MonoManager ReloadAssembly
Native extension for WindowsStandalone target not found
Refreshing native plugins compatible for Editor in 0.41 ms, found 1 plugins.
Preloading 0 native plugins for Editor in 0.00 ms.
Invoked RoslynAnalysisRunner static constructor.
RoslynAnalysisRunner will not be running.
RoslynAnalysisRunner has terminated.
Mono: successfully reloaded assembly
- Completed reload, in  1.214 seconds
Platform modules already initialized, skipping
Refreshing native plugins compatible for Editor in 0.43 ms, found 1 plugins.
Preloading 0 native plugins for Editor in 0.00 ms.
Unloading 1815 Unused Serialized files (Serialized files now loaded: 0)
System memory in use before: 157.5 MB.
System memory in use after: 157.5 MB.

Unloading 12 unused Assets to reduce memory usage. Loaded Objects now: 2288.
Total: 2.177200 ms (FindLiveObjects: 0.203200 ms CreateObjectMapping: 0.043800 ms MarkObjects: 1.805200 ms  DeleteObjects: 0.123800 ms)

========================================================================
Received Prepare
Registering precompiled user dll's ...
Registered in 0.001288 seconds.
Begin MonoManager ReloadAssembly
Native extension for WindowsStandalone target not found
Refreshing native plugins compatible for Editor in 0.43 ms, found 1 plugins.
Preloading 0 native plugins for Editor in 0.00 ms.
Invoked RoslynAnalysisRunner static constructor.
RoslynAnalysisRunner will not be running.
RoslynAnalysisRunner has terminated.
Mono: successfully reloaded assembly
- Completed reload, in  1.283 seconds
Platform modules already initialized, skipping
Refreshing native plugins compatible for Editor in 0.41 ms, found 1 plugins.
Preloading 0 native plugins for Editor in 0.00 ms.
Unloading 1815 Unused Serialized files (Serialized files now loaded: 0)
System memory in use before: 157.5 MB.
System memory in use after: 157.5 MB.

Unloading 12 unused Assets to reduce memory usage. Loaded Objects now: 2292.
Total: 2.972300 ms (FindLiveObjects: 0.252100 ms CreateObjectMapping: 0.054100 ms MarkObjects: 2.489900 ms  DeleteObjects: 0.174600 ms)

========================================================================
Received Import Request.
  Time since last request: 477.218098 seconds.
  path: Assets/Scripts/Game Session.cs
  artifactKey: Guid(0c1b9cc12640ffb4ca080352546dc15c) Importer(815301076,1909f56bfc062723c751e8b465ee728b)
Start importing Assets/Scripts/Game Session.cs using Guid(0c1b9cc12640ffb4ca080352546dc15c) Importer(815301076,1909f56bfc062723c751e8b465ee728b)  -> (artifact id: '060962c71e8afd4ac34fbc64e687a52b') in 0.008356 seconds
  Import took 0.012276 seconds .

========================================================================
Received Import Request.
  Time since last request: 222.416718 seconds.
  path: Assets/Scripts/GameSession.cs
  artifactKey: Guid(0c1b9cc12640ffb4ca080352546dc15c) Importer(815301076,1909f56bfc062723c751e8b465ee728b)
Start importing Assets/Scripts/GameSession.cs using Guid(0c1b9cc12640ffb4ca080352546dc15c) Importer(815301076,1909f56bfc062723c751e8b465ee728b)  -> (artifact id: 'fc2bcc983f6dd326fa4599081735e02c') in 0.022032 seconds
  Import took 0.026469 seconds .

========================================================================
Received Prepare
Registering precompiled user dll's ...
Registered in 0.001473 seconds.
Begin MonoManager ReloadAssembly
Native extension for WindowsStandalone target not found
Refreshing native plugins compatible for Editor in 0.51 ms, found 1 plugins.
Preloading 0 native plugins for Editor in 0.00 ms.
Invoked RoslynAnalysisRunner static constructor.
RoslynAnalysisRunner will not be running.
RoslynAnalysisRunner has terminated.
Mono: successfully reloaded assembly
- Completed reload, in  1.128 seconds
Platform modules already initialized, skipping
Refreshing native plugins compatible for Editor in 0.54 ms, found 1 plugins.
Preloading 0 native plugins for Editor in 0.00 ms.
Unloading 1815 Unused Serialized files (Serialized files now loaded: 0)
System memory in use before: 157.5 MB.
System memory in use after: 157.5 MB.

Unloading 12 unused Assets to reduce memory usage. Loaded Objects now: 2296.
Total: 2.285900 ms (FindLiveObjects: 0.260300 ms CreateObjectMapping: 0.044100 ms MarkObjects: 1.851300 ms  DeleteObjects: 0.128900 ms)

========================================================================
Received Import Request.
  Time since last request: 4.949903 seconds.
  path: Assets/Scripts/Score Display.cs
  artifactKey: Guid(fc429213bd0bd8a469dc86f5e57dfe4d) Importer(815301076,1909f56bfc062723c751e8b465ee728b)
Start importing Assets/Scripts/Score Display.cs using Guid(fc429213bd0bd8a469dc86f5e57dfe4d) Importer(815301076,1909f56bfc062723c751e8b465ee728b)  -> (artifact id: '8d34fceb8347544f2ead0c56524cbd4a') in 0.006388 seconds
  Import took 0.010374 seconds .

========================================================================
Received Import Request.
  Time since last request: 2.205633 seconds.
  path: Assets/Scripts/ScoreDisplay.cs
  artifactKey: Guid(fc429213bd0bd8a469dc86f5e57dfe4d) Importer(815301076,1909f56bfc062723c751e8b465ee728b)
Start importing Assets/Scripts/ScoreDisplay.cs using Guid(fc429213bd0bd8a469dc86f5e57dfe4d) Importer(815301076,1909f56bfc062723c751e8b465ee728b)  -> (artifact id: '26e3c015abad0c7ef1f9b3e4cc396af1') in 0.024281 seconds
  Import took 0.030027 seconds .

========================================================================
Received Prepare
Registering precompiled user dll's ...
Registered in 0.001197 seconds.
Begin MonoManager ReloadAssembly
Native extension for WindowsStandalone target not found
Refreshing native plugins compatible for Editor in 0.42 ms, found 1 plugins.
Preloading 0 native plugins for Editor in 0.00 ms.
Invoked RoslynAnalysisRunner static constructor.
RoslynAnalysisRunner will not be running.
RoslynAnalysisRunner has terminated.
Mono: successfully reloaded assembly
- Completed reload, in  1.147 seconds
Platform modules already initialized, skipping
Refreshing native plugins compatible for Editor in 0.43 ms, found 1 plugins.
Preloading 0 native plugins for Editor in 0.00 ms.
Unloading 1815 Unused Serialized files (Serialized files now loaded: 0)
System memory in use before: 157.6 MB.
System memory in use after: 157.5 MB.

Unloading 12 unused Assets to reduce memory usage. Loaded Objects now: 2300.
Total: 2.443600 ms (FindLiveObjects: 0.225000 ms CreateObjectMapping: 0.045400 ms MarkObjects: 1.992500 ms  DeleteObjects: 0.179000 ms)

========================================================================
Received Prepare
Registering precompiled user dll's ...
Registered in 0.001292 seconds.
Begin MonoManager ReloadAssembly
Native extension for WindowsStandalone target not found
Refreshing native plugins compatible for Editor in 0.55 ms, found 1 plugins.
Preloading 0 native plugins for Editor in 0.00 ms.
Invoked RoslynAnalysisRunner static constructor.
RoslynAnalysisRunner will not be running.
RoslynAnalysisRunner has terminated.
Mono: successfully reloaded assembly
- Completed reload, in  1.331 seconds
Platform modules already initialized, skipping
Refreshing native plugins compatible for Editor in 0.55 ms, found 1 plugins.
Preloading 0 native plugins for Editor in 0.00 ms.
Unloading 1815 Unused Serialized files (Serialized files now loaded: 0)
System memory in use before: 157.6 MB.
System memory in use after: 157.5 MB.

Unloading 12 unused Assets to reduce memory usage. Loaded Objects now: 2304.
Total: 2.600700 ms (FindLiveObjects: 0.316200 ms CreateObjectMapping: 0.054100 ms MarkObjects: 2.081100 ms  DeleteObjects: 0.148000 ms)

========================================================================
Received Import Request.
  Time since last request: 362.507409 seconds.
  path: Assets/Prefabs/Bernard.prefab
  artifactKey: Guid(e6443a88f7eb8e94a83d3245d2028a9a) Importer(815301076,1909f56bfc062723c751e8b465ee728b)
Start importing Assets/Prefabs/Bernard.prefab using Guid(e6443a88f7eb8e94a83d3245d2028a9a) Importer(815301076,1909f56bfc062723c751e8b465ee728b)  -> (artifact id: '928050383c2c749f426ad99a1df6a01f') in 0.141644 seconds
  Import took 0.147279 seconds .

========================================================================
Received Import Request.
  Time since last request: 0.000311 seconds.
  path: Assets/Prefabs/Roger.prefab
  artifactKey: Guid(f83ae9e4ffceb0740a4dc3738f979a0b) Importer(815301076,1909f56bfc062723c751e8b465ee728b)
Start importing Assets/Prefabs/Roger.prefab using Guid(f83ae9e4ffceb0740a4dc3738f979a0b) Importer(815301076,1909f56bfc062723c751e8b465ee728b)  -> (artifact id: '4716a1d9c0bde95644afd58066e17d9c') in 0.040282 seconds
  Import took 0.044404 seconds .

========================================================================
Received Import Request.
  Time since last request: 0.000194 seconds.
  path: Assets/Prefabs/MusicPlayer.prefab
  artifactKey: Guid(b3d736a7de683e84d8af1082d2967a14) Importer(815301076,1909f56bfc062723c751e8b465ee728b)
Start importing Assets/Prefabs/MusicPlayer.prefab using Guid(b3d736a7de683e84d8af1082d2967a14) Importer(815301076,1909f56bfc062723c751e8b465ee728b)  -> (artifact id: 'c9a73b429947baf8a3235604d53da73f') in 0.017509 seconds
  Import took 0.021721 seconds .

========================================================================
Received Import Request.
  Time since last request: 2.135778 seconds.
  path: Assets/Prefabs/GameSession.prefab
  artifactKey: Guid(6fd162fc423439d4b8098eb49cdb16af) Importer(815301076,1909f56bfc062723c751e8b465ee728b)
Start importing Assets/Prefabs/GameSession.prefab using Guid(6fd162fc423439d4b8098eb49cdb16af) Importer(815301076,1909f56bfc062723c751e8b465ee728b)  -> (artifact id: '54cf5332b3c30a2259d6970c242338be') in 0.010508 seconds
  Import took 0.015233 seconds .

========================================================================
Received Import Request.
  Time since last request: 0.014504 seconds.
  path: Assets/Prefabs/GameSession.prefab
  artifactKey: Guid(6fd162fc423439d4b8098eb49cdb16af) Importer(815301076,1909f56bfc062723c751e8b465ee728b)
Start importing Assets/Prefabs/GameSession.prefab using Guid(6fd162fc423439d4b8098eb49cdb16af) Importer(815301076,1909f56bfc062723c751e8b465ee728b)  -> (artifact id: '54cf5332b3c30a2259d6970c242338be') in 0.010422 seconds
  Import took 0.014723 seconds .

========================================================================
Received Import Request.
  Time since last request: 6.572085 seconds.
  path: Assets/Prefabs/Game Canvas.prefab
  artifactKey: Guid(060ed0bfe1021764b9fe76e981c7a00f) Importer(815301076,1909f56bfc062723c751e8b465ee728b)
Start importing Assets/Prefabs/Game Canvas.prefab using Guid(060ed0bfe1021764b9fe76e981c7a00f) Importer(815301076,1909f56bfc062723c751e8b465ee728b)  -> (artifact id: '9c2b8686949654e457fa208a8231ef5f') in 0.026418 seconds
  Import took 0.030943 seconds .

========================================================================
Received Import Request.
  Time since last request: 77.009765 seconds.
  path: Assets/Scenes/Game Over.unity
  artifactKey: Guid(7b4206b8d9fa40042984d97b88ca6712) Importer(815301076,1909f56bfc062723c751e8b465ee728b)
Start importing Assets/Scenes/Game Over.unity using Guid(7b4206b8d9fa40042984d97b88ca6712) Importer(815301076,1909f56bfc062723c751e8b465ee728b)  -> (artifact id: 'a1a42d380e8677b7cef00f5d73f569c8') in 0.017485 seconds
  Import took 0.022047 seconds .

========================================================================
Received Prepare
Registering precompiled user dll's ...
Registered in 0.001277 seconds.
Begin MonoManager ReloadAssembly
Native extension for WindowsStandalone target not found
Refreshing native plugins compatible for Editor in 0.47 ms, found 1 plugins.
Preloading 0 native plugins for Editor in 0.00 ms.
Invoked RoslynAnalysisRunner static constructor.
RoslynAnalysisRunner will not be running.
RoslynAnalysisRunner has terminated.
Mono: successfully reloaded assembly
- Completed reload, in  1.079 seconds
Platform modules already initialized, skipping
Refreshing native plugins compatible for Editor in 0.41 ms, found 1 plugins.
Preloading 0 native plugins for Editor in 0.00 ms.
Unloading 1815 Unused Serialized files (Serialized files now loaded: 0)
System memory in use before: 160.7 MB.
System memory in use after: 160.7 MB.

Unloading 12 unused Assets to reduce memory usage. Loaded Objects now: 2315.
Total: 2.805900 ms (FindLiveObjects: 0.216900 ms CreateObjectMapping: 0.044500 ms MarkObjects: 2.414300 ms  DeleteObjects: 0.129000 ms)

========================================================================
Received Prepare
Registering precompiled user dll's ...
Registered in 0.001418 seconds.
Begin MonoManager ReloadAssembly
Native extension for WindowsStandalone target not found
Refreshing native plugins compatible for Editor in 0.67 ms, found 1 plugins.
Preloading 0 native plugins for Editor in 0.00 ms.
Invoked RoslynAnalysisRunner static constructor.
RoslynAnalysisRunner will not be running.
RoslynAnalysisRunner has terminated.
Mono: successfully reloaded assembly
- Completed reload, in  1.102 seconds
Platform modules already initialized, skipping
Refreshing native plugins compatible for Editor in 0.40 ms, found 1 plugins.
Preloading 0 native plugins for Editor in 0.00 ms.
Unloading 1815 Unused Serialized files (Serialized files now loaded: 0)
System memory in use before: 160.7 MB.
System memory in use after: 160.7 MB.

Unloading 12 unused Assets to reduce memory usage. Loaded Objects now: 2319.
Total: 2.945800 ms (FindLiveObjects: 0.245900 ms CreateObjectMapping: 0.060600 ms MarkObjects: 2.487800 ms  DeleteObjects: 0.149700 ms)

========================================================================
Received Prepare
Registering precompiled user dll's ...
Registered in 0.001581 seconds.
Begin MonoManager ReloadAssembly
Native extension for WindowsStandalone target not found
Refreshing native plugins compatible for Editor in 0.44 ms, found 1 plugins.
Preloading 0 native plugins for Editor in 0.00 ms.
Invoked RoslynAnalysisRunner static constructor.
RoslynAnalysisRunner will not be running.
RoslynAnalysisRunner has terminated.
Mono: successfully reloaded assembly
- Completed reload, in  1.164 seconds
Platform modules already initialized, skipping
Refreshing native plugins compatible for Editor in 0.44 ms, found 1 plugins.
Preloading 0 native plugins for Editor in 0.00 ms.
Unloading 1815 Unused Serialized files (Serialized files now loaded: 0)
System memory in use before: 160.7 MB.
System memory in use after: 160.7 MB.

Unloading 12 unused Assets to reduce memory usage. Loaded Objects now: 2323.
Total: 2.649100 ms (FindLiveObjects: 0.209600 ms CreateObjectMapping: 0.043600 ms MarkObjects: 2.238100 ms  DeleteObjects: 0.156700 ms)

========================================================================
Received Prepare
Registering precompiled user dll's ...
Registered in 0.003319 seconds.
Begin MonoManager ReloadAssembly
Native extension for WindowsStandalone target not found
Refreshing native plugins compatible for Editor in 0.41 ms, found 1 plugins.
Preloading 0 native plugins for Editor in 0.00 ms.
Invoked RoslynAnalysisRunner static constructor.
RoslynAnalysisRunner will not be running.
RoslynAnalysisRunner has terminated.
Mono: successfully reloaded assembly
- Completed reload, in  1.164 seconds
Platform modules already initialized, skipping
Refreshing native plugins compatible for Editor in 0.40 ms, found 1 plugins.
Preloading 0 native plugins for Editor in 0.00 ms.
Unloading 1816 Unused Serialized files (Serialized files now loaded: 0)
System memory in use before: 160.7 MB.
System memory in use after: 160.7 MB.

Unloading 12 unused Assets to reduce memory usage. Loaded Objects now: 2328.
Total: 2.369800 ms (FindLiveObjects: 0.272100 ms CreateObjectMapping: 0.048900 ms MarkObjects: 1.910300 ms  DeleteObjects: 0.137300 ms)

========================================================================
Received Import Request.
  Time since last request: 752.997878 seconds.
  path: Assets/Scripts/HealthDisplay.cs
  artifactKey: Guid(1de9407f6fdbe5241b0fc37fc1c54af7) Importer(815301076,1909f56bfc062723c751e8b465ee728b)
Start importing Assets/Scripts/HealthDisplay.cs using Guid(1de9407f6fdbe5241b0fc37fc1c54af7) Importer(815301076,1909f56bfc062723c751e8b465ee728b)  -> (artifact id: '7a596237783279bcef74969c2ac8545c') in 0.010896 seconds
  Import took 0.016085 seconds .

========================================================================
Received Import Request.
  Time since last request: 5.249720 seconds.
  path: Assets/Scenes/Game.unity
  artifactKey: Guid(2cda990e2423bbf4892e6590ba056729) Importer(815301076,1909f56bfc062723c751e8b465ee728b)
Start importing Assets/Scenes/Game.unity using Guid(2cda990e2423bbf4892e6590ba056729) Importer(815301076,1909f56bfc062723c751e8b465ee728b)  -> (artifact id: '1b663bdd715f52eb83e6570d20ae2ffa') in 0.019415 seconds
  Import took 0.034678 seconds .

========================================================================
Received Import Request.
  Time since last request: 225.961830 seconds.
  path: Assets/Scenes/Game Over.unity
  artifactKey: Guid(7b4206b8d9fa40042984d97b88ca6712) Importer(815301076,1909f56bfc062723c751e8b465ee728b)
Start importing Assets/Scenes/Game Over.unity using Guid(7b4206b8d9fa40042984d97b88ca6712) Importer(815301076,1909f56bfc062723c751e8b465ee728b)  -> (artifact id: '9604da0486bd50edf1d0d92b83167e4c') in 0.017067 seconds
  Import took 0.021289 seconds .

========================================================================
Received Import Request.
  Time since last request: 51.865063 seconds.
  path: Assets/Prefabs/Score Canvas.prefab
  artifactKey: Guid(a5f8dbc7ce0b1b54180e751122b0e910) Importer(815301076,1909f56bfc062723c751e8b465ee728b)
Start importing Assets/Prefabs/Score Canvas.prefab using Guid(a5f8dbc7ce0b1b54180e751122b0e910) Importer(815301076,1909f56bfc062723c751e8b465ee728b)  -> (artifact id: '61fcbd0f13d35afebd5844139a15869c') in 0.052228 seconds
  Import took 0.056693 seconds .

========================================================================
Received Import Request.
  Time since last request: 0.000276 seconds.
  path: Assets/Prefabs/Game Canvas.prefab
  artifactKey: Guid(060ed0bfe1021764b9fe76e981c7a00f) Importer(815301076,1909f56bfc062723c751e8b465ee728b)
Start importing Assets/Prefabs/Game Canvas.prefab using Guid(060ed0bfe1021764b9fe76e981c7a00f) Importer(815301076,1909f56bfc062723c751e8b465ee728b)  -> (artifact id: 'c82228a4842598d125be025eb15fd603') in 0.015558 seconds
  Import took 0.020354 seconds .

========================================================================
Received Prepare
Registering precompiled user dll's ...
Registered in 0.001207 seconds.
Begin MonoManager ReloadAssembly
Native extension for WindowsStandalone target not found
Refreshing native plugins compatible for Editor in 0.43 ms, found 1 plugins.
Preloading 0 native plugins for Editor in 0.00 ms.
Invoked RoslynAnalysisRunner static constructor.
RoslynAnalysisRunner will not be running.
RoslynAnalysisRunner has terminated.
Mono: successfully reloaded assembly
- Completed reload, in  1.309 seconds
Platform modules already initialized, skipping
Refreshing native plugins compatible for Editor in 0.40 ms, found 1 plugins.
Preloading 0 native plugins for Editor in 0.00 ms.
Unloading 1816 Unused Serialized files (Serialized files now loaded: 0)
System memory in use before: 160.8 MB.
System memory in use after: 160.8 MB.

Unloading 12 unused Assets to reduce memory usage. Loaded Objects now: 2332.
Total: 2.584900 ms (FindLiveObjects: 0.238900 ms CreateObjectMapping: 0.056000 ms MarkObjects: 2.137600 ms  DeleteObjects: 0.151000 ms)

========================================================================
Received Prepare
Registering precompiled user dll's ...
Registered in 0.001385 seconds.
Begin MonoManager ReloadAssembly
Native extension for WindowsStandalone target not found
Refreshing native plugins compatible for Editor in 0.43 ms, found 1 plugins.
Preloading 0 native plugins for Editor in 0.00 ms.
Invoked RoslynAnalysisRunner static constructor.
RoslynAnalysisRunner will not be running.
RoslynAnalysisRunner has terminated.
Mono: successfully reloaded assembly
- Completed reload, in  1.105 seconds
Platform modules already initialized, skipping
Refreshing native plugins compatible for Editor in 0.45 ms, found 1 plugins.
Preloading 0 native plugins for Editor in 0.00 ms.
Unloading 1816 Unused Serialized files (Serialized files now loaded: 0)
System memory in use before: 160.8 MB.
System memory in use after: 160.8 MB.

Unloading 12 unused Assets to reduce memory usage. Loaded Objects now: 2336.
Total: 3.137000 ms (FindLiveObjects: 0.320200 ms CreateObjectMapping: 0.116600 ms MarkObjects: 2.536300 ms  DeleteObjects: 0.161900 ms)

========================================================================
Received Prepare
Registering precompiled user dll's ...
Registered in 0.002330 seconds.
Begin MonoManager ReloadAssembly
Native extension for WindowsStandalone target not found
Refreshing native plugins compatible for Editor in 0.52 ms, found 1 plugins.
Preloading 0 native plugins for Editor in 0.00 ms.
Invoked RoslynAnalysisRunner static constructor.
RoslynAnalysisRunner will not be running.
RoslynAnalysisRunner has terminated.
Mono: successfully reloaded assembly
- Completed reload, in  1.136 seconds
Platform modules already initialized, skipping
Refreshing native plugins compatible for Editor in 0.40 ms, found 1 plugins.
Preloading 0 native plugins for Editor in 0.00 ms.
Unloading 1816 Unused Serialized files (Serialized files now loaded: 0)
System memory in use before: 160.8 MB.
System memory in use after: 160.8 MB.

Unloading 12 unused Assets to reduce memory usage. Loaded Objects now: 2340.
Total: 2.665400 ms (FindLiveObjects: 0.418300 ms CreateObjectMapping: 0.083300 ms MarkObjects: 1.996900 ms  DeleteObjects: 0.151300 ms)

========================================================================
Received Prepare
Registering precompiled user dll's ...
Registered in 0.001500 seconds.
Begin MonoManager ReloadAssembly
Native extension for WindowsStandalone target not found
Refreshing native plugins compatible for Editor in 0.47 ms, found 1 plugins.
Preloading 0 native plugins for Editor in 0.00 ms.
Invoked RoslynAnalysisRunner static constructor.
RoslynAnalysisRunner will not be running.
RoslynAnalysisRunner has terminated.
Mono: successfully reloaded assembly
- Completed reload, in  1.282 seconds
Platform modules already initialized, skipping
Refreshing native plugins compatible for Editor in 0.55 ms, found 1 plugins.
Preloading 0 native plugins for Editor in 0.00 ms.
Unloading 1816 Unused Serialized files (Serialized files now loaded: 0)
System memory in use before: 160.8 MB.
System memory in use after: 160.8 MB.

Unloading 12 unused Assets to reduce memory usage. Loaded Objects now: 2344.
Total: 4.519100 ms (FindLiveObjects: 0.968100 ms CreateObjectMapping: 0.083100 ms MarkObjects: 3.319900 ms  DeleteObjects: 0.146000 ms)

========================================================================
Received Import Request.
  Time since last request: 768.375809 seconds.
  path: Assets/Prefabs/Game Canvas.prefab
  artifactKey: Guid(060ed0bfe1021764b9fe76e981c7a00f) Importer(815301076,1909f56bfc062723c751e8b465ee728b)
Start importing Assets/Prefabs/Game Canvas.prefab using Guid(060ed0bfe1021764b9fe76e981c7a00f) Importer(815301076,1909f56bfc062723c751e8b465ee728b)  -> (artifact id: 'f42e1dae811d64cf80962c9758208f5d') in 0.051740 seconds
  Import took 0.055843 seconds .

========================================================================
Received Import Request.
  Time since last request: 3.000637 seconds.
  path: Assets/Prefabs/Roger 1.prefab
  artifactKey: Guid(510b7d904cb40794391e2e65482e648a) Importer(815301076,1909f56bfc062723c751e8b465ee728b)
Start importing Assets/Prefabs/Roger 1.prefab using Guid(510b7d904cb40794391e2e65482e648a) Importer(815301076,1909f56bfc062723c751e8b465ee728b)  -> (artifact id: 'c9fcd379972f5bee34c3a0f9063c16a8') in 0.103276 seconds
  Import took 0.106949 seconds .

========================================================================
Received Import Request.
  Time since last request: 7.993183 seconds.
  path: Assets/Prefabs/BigBoy.prefab
  artifactKey: Guid(510b7d904cb40794391e2e65482e648a) Importer(815301076,1909f56bfc062723c751e8b465ee728b)
Start importing Assets/Prefabs/BigBoy.prefab using Guid(510b7d904cb40794391e2e65482e648a) Importer(815301076,1909f56bfc062723c751e8b465ee728b)  -> (artifact id: 'acfe045bc3a17d2108516a842ef0c34d') in 0.034136 seconds
  Import took 0.039483 seconds .

========================================================================
Received Import Request.
  Time since last request: 5.154937 seconds.
  path: Assets/Prefabs/Bob.prefab
  artifactKey: Guid(510b7d904cb40794391e2e65482e648a) Importer(815301076,1909f56bfc062723c751e8b465ee728b)
Start importing Assets/Prefabs/Bob.prefab using Guid(510b7d904cb40794391e2e65482e648a) Importer(815301076,1909f56bfc062723c751e8b465ee728b)  -> (artifact id: '0484bfd2fb5ff729c9ece6864f68943a') in 0.033978 seconds
  Import took 0.037692 seconds .

========================================================================
Received Import Request.
  Time since last request: 0.000894 seconds.
  path: Assets/Prefabs/Bob.prefab
  artifactKey: Guid(510b7d904cb40794391e2e65482e648a) Importer(815301076,1909f56bfc062723c751e8b465ee728b)
Start importing Assets/Prefabs/Bob.prefab using Guid(510b7d904cb40794391e2e65482e648a) Importer(815301076,1909f56bfc062723c751e8b465ee728b)  -> (artifact id: '0484bfd2fb5ff729c9ece6864f68943a') in 0.026895 seconds
  Import took 0.030618 seconds .

========================================================================
Received Import Request.
  Time since last request: 10.142312 seconds.
  path: Assets/Kenney+Space+Shooter+Visual+Assets/Space Shooter Visual Assets/PNG/Parts/cockpitYellow_7.png
  artifactKey: Guid(74c1b0ef984db6742aee31fa4e702292) Importer(815301076,1909f56bfc062723c751e8b465ee728b)
Start importing Assets/Kenney+Space+Shooter+Visual+Assets/Space Shooter Visual Assets/PNG/Parts/cockpitYellow_7.png using Guid(74c1b0ef984db6742aee31fa4e702292) Importer(815301076,1909f56bfc062723c751e8b465ee728b)  -> (artifact id: 'd3848bfa1b194d96fe15b3fd950cbf7c') in 0.110577 seconds
  Import took 0.115559 seconds .

========================================================================
Received Import Request.
  Time since last request: 0.000198 seconds.
  path: Assets/Kenney+Space+Shooter+Visual+Assets/Space Shooter Visual Assets/PNG/UI/cursor.png
  artifactKey: Guid(bae918545ed71f341a261e07f1b68759) Importer(815301076,1909f56bfc062723c751e8b465ee728b)
Start importing Assets/Kenney+Space+Shooter+Visual+Assets/Space Shooter Visual Assets/PNG/UI/cursor.png using Guid(bae918545ed71f341a261e07f1b68759) Importer(815301076,1909f56bfc062723c751e8b465ee728b)  -> (artifact id: '2dae6840b6eab7e2e4013a9ac1b8fcde') in 0.028623 seconds
  Import took 0.031834 seconds .

========================================================================
Received Import Request.
  Time since last request: 0.000201 seconds.
  path: Assets/Kenney+Space+Shooter+Visual+Assets/Space Shooter Visual Assets/PNG/Parts/cockpitYellow_7.png
  artifactKey: Guid(74c1b0ef984db6742aee31fa4e702292) Importer(815301076,1909f56bfc062723c751e8b465ee728b)
Start importing Assets/Kenney+Space+Shooter+Visual+Assets/Space Shooter Visual Assets/PNG/Parts/cockpitYellow_7.png using Guid(74c1b0ef984db6742aee31fa4e702292) Importer(815301076,1909f56bfc062723c751e8b465ee728b)  -> (artifact id: 'd3848bfa1b194d96fe15b3fd950cbf7c') in 0.022602 seconds
  Import took 0.025768 seconds .

========================================================================
Received Import Request.
  Time since last request: 0.019105 seconds.
  path: Assets/Kenney+Space+Shooter+Visual+Assets/Space Shooter Visual Assets/PNG/UI/cursor.png
  artifactKey: Guid(bae918545ed71f341a261e07f1b68759) Importer(815301076,1909f56bfc062723c751e8b465ee728b)
Start importing Assets/Kenney+Space+Shooter+Visual+Assets/Space Shooter Visual Assets/PNG/UI/cursor.png using Guid(bae918545ed71f341a261e07f1b68759) Importer(815301076,1909f56bfc062723c751e8b465ee728b)  -> (artifact id: '2dae6840b6eab7e2e4013a9ac1b8fcde') in 0.019167 seconds
  Import took 0.022404 seconds .

========================================================================
Received Import Request.
  Time since last request: 12.078910 seconds.
  path: Assets/Prefabs/Bob.prefab
  artifactKey: Guid(510b7d904cb40794391e2e65482e648a) Importer(815301076,1909f56bfc062723c751e8b465ee728b)
Start importing Assets/Prefabs/Bob.prefab using Guid(510b7d904cb40794391e2e65482e648a) Importer(815301076,1909f56bfc062723c751e8b465ee728b)  -> (artifact id: '0e802659c2ad5544ba605e32c65f5c93') in 0.038681 seconds
  Import took 0.045940 seconds .

========================================================================
Received Import Request.
  Time since last request: 105.693012 seconds.
  path: Assets/Prefabs/Bob.prefab
  artifactKey: Guid(510b7d904cb40794391e2e65482e648a) Importer(815301076,1909f56bfc062723c751e8b465ee728b)
Start importing Assets/Prefabs/Bob.prefab using Guid(510b7d904cb40794391e2e65482e648a) Importer(815301076,1909f56bfc062723c751e8b465ee728b)  -> (artifact id: '9cb27bd9defc77927c54d5a5f26f29ca') in 0.026279 seconds
  Import took 0.030736 seconds .

========================================================================
Received Import Request.
  Time since last request: 0.007667 seconds.
  path: Assets/Prefabs/Bob.prefab
  artifactKey: Guid(510b7d904cb40794391e2e65482e648a) Importer(815301076,1909f56bfc062723c751e8b465ee728b)
Start importing Assets/Prefabs/Bob.prefab using Guid(510b7d904cb40794391e2e65482e648a) Importer(815301076,1909f56bfc062723c751e8b465ee728b)  -> (artifact id: '9cb27bd9defc77927c54d5a5f26f29ca') in 0.023127 seconds
  Import took 0.028005 seconds .

========================================================================
Received Import Request.
  Time since last request: 5.597355 seconds.
  path: Assets/Prefabs/Bob.prefab
  artifactKey: Guid(510b7d904cb40794391e2e65482e648a) Importer(815301076,1909f56bfc062723c751e8b465ee728b)
Start importing Assets/Prefabs/Bob.prefab using Guid(510b7d904cb40794391e2e65482e648a) Importer(815301076,1909f56bfc062723c751e8b465ee728b)  -> (artifact id: '831d7e054b6f746049b8aeff76668b8f') in 0.048086 seconds
  Import took 0.056418 seconds .

========================================================================
Received Prepare
Registering precompiled user dll's ...
Registered in 0.002228 seconds.
Begin MonoManager ReloadAssembly
Native extension for WindowsStandalone target not found
Refreshing native plugins compatible for Editor in 0.47 ms, found 1 plugins.
Preloading 0 native plugins for Editor in 0.00 ms.
Invoked RoslynAnalysisRunner static constructor.
RoslynAnalysisRunner will not be running.
RoslynAnalysisRunner has terminated.
Mono: successfully reloaded assembly
- Completed reload, in  1.728 seconds
Platform modules already initialized, skipping
Refreshing native plugins compatible for Editor in 0.42 ms, found 1 plugins.
Preloading 0 native plugins for Editor in 0.00 ms.
Unloading 1816 Unused Serialized files (Serialized files now loaded: 0)
System memory in use before: 160.8 MB.
System memory in use after: 160.8 MB.

Unloading 12 unused Assets to reduce memory usage. Loaded Objects now: 2354.
Total: 3.888900 ms (FindLiveObjects: 0.261800 ms CreateObjectMapping: 0.046100 ms MarkObjects: 3.408800 ms  DeleteObjects: 0.169900 ms)

========================================================================
Received Import Request.
  Time since last request: 47.564403 seconds.
  path: Assets/Prefabs/Roger.prefab
  artifactKey: Guid(f83ae9e4ffceb0740a4dc3738f979a0b) Importer(815301076,1909f56bfc062723c751e8b465ee728b)
Start importing Assets/Prefabs/Roger.prefab using Guid(f83ae9e4ffceb0740a4dc3738f979a0b) Importer(815301076,1909f56bfc062723c751e8b465ee728b)  -> (artifact id: '370db5a599ce4367687a294c2527af04') in 0.081895 seconds
  Import took 0.086429 seconds .

========================================================================
Received Import Request.
  Time since last request: 0.000196 seconds.
  path: Assets/Prefabs/Bernard.prefab
  artifactKey: Guid(e6443a88f7eb8e94a83d3245d2028a9a) Importer(815301076,1909f56bfc062723c751e8b465ee728b)
Start importing Assets/Prefabs/Bernard.prefab using Guid(e6443a88f7eb8e94a83d3245d2028a9a) Importer(815301076,1909f56bfc062723c751e8b465ee728b)  -> (artifact id: '87eb2e448bd3a6a56d5725214ee544c2') in 0.015081 seconds
  Import took 0.018960 seconds .

========================================================================
Received Import Request.
  Time since last request: 0.000085 seconds.
  path: Assets/Prefabs/Bob.prefab
  artifactKey: Guid(510b7d904cb40794391e2e65482e648a) Importer(815301076,1909f56bfc062723c751e8b465ee728b)
Start importing Assets/Prefabs/Bob.prefab using Guid(510b7d904cb40794391e2e65482e648a) Importer(815301076,1909f56bfc062723c751e8b465ee728b)  -> (artifact id: '9a2f415bdce55f16be8717e42d7bdbc9') in 0.015196 seconds
  Import took 0.019962 seconds .

========================================================================
Received Import Request.
  Time since last request: 22.635982 seconds.
  path: Assets/Prefabs/Bob.prefab
  artifactKey: Guid(510b7d904cb40794391e2e65482e648a) Importer(815301076,1909f56bfc062723c751e8b465ee728b)
Start importing Assets/Prefabs/Bob.prefab using Guid(510b7d904cb40794391e2e65482e648a) Importer(815301076,1909f56bfc062723c751e8b465ee728b)  -> (artifact id: 'd4672aaad3143c79ec60247cda5f4790') in 0.025294 seconds
  Import took 0.030297 seconds .

========================================================================
Received Import Request.
  Time since last request: 0.006935 seconds.
  path: Assets/Prefabs/Bob.prefab
  artifactKey: Guid(510b7d904cb40794391e2e65482e648a) Importer(815301076,1909f56bfc062723c751e8b465ee728b)
Start importing Assets/Prefabs/Bob.prefab using Guid(510b7d904cb40794391e2e65482e648a) Importer(815301076,1909f56bfc062723c751e8b465ee728b)  -> (artifact id: 'd4672aaad3143c79ec60247cda5f4790') in 0.023831 seconds
  Import took 0.027608 seconds .

========================================================================
Received Import Request.
  Time since last request: 30.672597 seconds.
  path: Assets/Prefabs/Bob.prefab
  artifactKey: Guid(510b7d904cb40794391e2e65482e648a) Importer(815301076,1909f56bfc062723c751e8b465ee728b)
Start importing Assets/Prefabs/Bob.prefab using Guid(510b7d904cb40794391e2e65482e648a) Importer(815301076,1909f56bfc062723c751e8b465ee728b)  -> (artifact id: '372b9885fb1cb9dbf7dc69de975a2a74') in 0.048000 seconds
  Import took 0.051538 seconds .

========================================================================
Received Import Request.
  Time since last request: 0.000503 seconds.
  path: Assets/Prefabs/Bob.prefab
  artifactKey: Guid(510b7d904cb40794391e2e65482e648a) Importer(815301076,1909f56bfc062723c751e8b465ee728b)
Start importing Assets/Prefabs/Bob.prefab using Guid(510b7d904cb40794391e2e65482e648a) Importer(815301076,1909f56bfc062723c751e8b465ee728b)  -> (artifact id: '372b9885fb1cb9dbf7dc69de975a2a74') in 0.026591 seconds
  Import took 0.041000 seconds .

========================================================================
Received Import Request.
  Time since last request: 177.952867 seconds.
  path: Assets/Sprites/enemyGreen3.png
  artifactKey: Guid(ca018f100a1eb324b9aba232a673bd27) Importer(815301076,1909f56bfc062723c751e8b465ee728b)
Start importing Assets/Sprites/enemyGreen3.png using Guid(ca018f100a1eb324b9aba232a673bd27) Importer(815301076,1909f56bfc062723c751e8b465ee728b)  -> (artifact id: 'b94e4e040549715ff2dffe2b9fccc73d') in 0.049982 seconds
  Import took 0.054573 seconds .

========================================================================
Received Import Request.
  Time since last request: 9.787035 seconds.
  path: Assets/Sprites/enemyGreen3.png
  artifactKey: Guid(ca018f100a1eb324b9aba232a673bd27) Importer(815301076,1909f56bfc062723c751e8b465ee728b)
Start importing Assets/Sprites/enemyGreen3.png using Guid(ca018f100a1eb324b9aba232a673bd27) Importer(815301076,1909f56bfc062723c751e8b465ee728b)  -> (artifact id: '90adbe05c6ac8f10fe1c2fa34d1fed0b') in 0.020764 seconds
  Import took 0.024452 seconds .

========================================================================
Received Import Request.
  Time since last request: 3.484910 seconds.
  path: Assets/Sprites/enemyGreen3.png
  artifactKey: Guid(ca018f100a1eb324b9aba232a673bd27) Importer(815301076,1909f56bfc062723c751e8b465ee728b)
Start importing Assets/Sprites/enemyGreen3.png using Guid(ca018f100a1eb324b9aba232a673bd27) Importer(815301076,1909f56bfc062723c751e8b465ee728b)  -> (artifact id: '09745f6ee4a15a702202647f6afab8f5') in 0.021963 seconds
  Import took 0.027482 seconds .

========================================================================
Received Import Request.
  Time since last request: 0.001908 seconds.
  path: Assets/Sprites/enemyGreen3.png
  artifactKey: Guid(ca018f100a1eb324b9aba232a673bd27) Importer(815301076,1909f56bfc062723c751e8b465ee728b)
Start importing Assets/Sprites/enemyGreen3.png using Guid(ca018f100a1eb324b9aba232a673bd27) Importer(815301076,1909f56bfc062723c751e8b465ee728b)  -> (artifact id: '09745f6ee4a15a702202647f6afab8f5') in 0.024222 seconds
  Import took 0.028354 seconds .

========================================================================
Received Import Request.
  Time since last request: 8.624307 seconds.
  path: Assets/Prefabs/EnemyLaser 1.prefab
  artifactKey: Guid(17a5e7bad4b46134b8052c75a34a2820) Importer(815301076,1909f56bfc062723c751e8b465ee728b)
Start importing Assets/Prefabs/EnemyLaser 1.prefab using Guid(17a5e7bad4b46134b8052c75a34a2820) Importer(815301076,1909f56bfc062723c751e8b465ee728b)  -> (artifact id: 'a9479ca0ad7cbf87ecd446d5aded9135') in 0.041947 seconds
  Import took 0.048257 seconds .

========================================================================
Received Import Request.
  Time since last request: 0.001904 seconds.
  path: Assets/Prefabs/EnemyLaser 1.prefab
  artifactKey: Guid(17a5e7bad4b46134b8052c75a34a2820) Importer(815301076,1909f56bfc062723c751e8b465ee728b)
Start importing Assets/Prefabs/EnemyLaser 1.prefab using Guid(17a5e7bad4b46134b8052c75a34a2820) Importer(815301076,1909f56bfc062723c751e8b465ee728b)  -> (artifact id: 'a9479ca0ad7cbf87ecd446d5aded9135') in 0.027624 seconds
  Import took 0.033478 seconds .

========================================================================
Received Import Request.
  Time since last request: 9.144285 seconds.
  path: Assets/Prefabs/EnemyBob.prefab
  artifactKey: Guid(17a5e7bad4b46134b8052c75a34a2820) Importer(815301076,1909f56bfc062723c751e8b465ee728b)
Start importing Assets/Prefabs/EnemyBob.prefab using Guid(17a5e7bad4b46134b8052c75a34a2820) Importer(815301076,1909f56bfc062723c751e8b465ee728b)  -> (artifact id: 'be17cfef3d81ccedb42220718dcd1bbb') in 0.033728 seconds
  Import took 0.048888 seconds .

========================================================================
Received Import Request.
  Time since last request: 4.322442 seconds.
  path: Assets/Prefabs/EnemyBomb.prefab
  artifactKey: Guid(17a5e7bad4b46134b8052c75a34a2820) Importer(815301076,1909f56bfc062723c751e8b465ee728b)
Start importing Assets/Prefabs/EnemyBomb.prefab using Guid(17a5e7bad4b46134b8052c75a34a2820) Importer(815301076,1909f56bfc062723c751e8b465ee728b)  -> (artifact id: '8447a9147a4d102adab40b486db57a48') in 0.022506 seconds
  Import took 0.029357 seconds .

========================================================================
Received Import Request.
  Time since last request: 0.011621 seconds.
  path: Assets/Prefabs/EnemyBomb.prefab
  artifactKey: Guid(17a5e7bad4b46134b8052c75a34a2820) Importer(815301076,1909f56bfc062723c751e8b465ee728b)
Start importing Assets/Prefabs/EnemyBomb.prefab using Guid(17a5e7bad4b46134b8052c75a34a2820) Importer(815301076,1909f56bfc062723c751e8b465ee728b)  -> (artifact id: '8447a9147a4d102adab40b486db57a48') in 0.023604 seconds
  Import took 0.029946 seconds .

========================================================================
Received Import Request.
  Time since last request: 779.708783 seconds.
  path: Assets/Prefabs/EnemyBomb.prefab
  artifactKey: Guid(17a5e7bad4b46134b8052c75a34a2820) Importer(815301076,1909f56bfc062723c751e8b465ee728b)
Start importing Assets/Prefabs/EnemyBomb.prefab using Guid(17a5e7bad4b46134b8052c75a34a2820) Importer(815301076,1909f56bfc062723c751e8b465ee728b)  -> (artifact id: '1fbc3d3d361734d7f9130f0a165c72cc') in 0.042637 seconds
  Import took 0.047561 seconds .

========================================================================
Received Import Request.
  Time since last request: 29.052577 seconds.
  path: Assets/Prefabs/EnemyBomb.prefab
  artifactKey: Guid(17a5e7bad4b46134b8052c75a34a2820) Importer(815301076,1909f56bfc062723c751e8b465ee728b)
Start importing Assets/Prefabs/EnemyBomb.prefab using Guid(17a5e7bad4b46134b8052c75a34a2820) Importer(815301076,1909f56bfc062723c751e8b465ee728b)  -> (artifact id: '91b3ce72d134a226010f76e728d1493e') in 0.020924 seconds
  Import took 0.025078 seconds .

========================================================================
Received Import Request.
  Time since last request: 3.375912 seconds.
  path: Assets/Prefabs/EnemyBomb.prefab
  artifactKey: Guid(17a5e7bad4b46134b8052c75a34a2820) Importer(815301076,1909f56bfc062723c751e8b465ee728b)
Start importing Assets/Prefabs/EnemyBomb.prefab using Guid(17a5e7bad4b46134b8052c75a34a2820) Importer(815301076,1909f56bfc062723c751e8b465ee728b)  -> (artifact id: 'd0277977bcfc16cb0715a492ee01a60c') in 0.026671 seconds
  Import took 0.032244 seconds .

========================================================================
Received Import Request.
  Time since last request: 0.007053 seconds.
  path: Assets/Prefabs/EnemyBomb.prefab
  artifactKey: Guid(17a5e7bad4b46134b8052c75a34a2820) Importer(815301076,1909f56bfc062723c751e8b465ee728b)
Start importing Assets/Prefabs/EnemyBomb.prefab using Guid(17a5e7bad4b46134b8052c75a34a2820) Importer(815301076,1909f56bfc062723c751e8b465ee728b)  -> (artifact id: 'd0277977bcfc16cb0715a492ee01a60c') in 0.018850 seconds
  Import took 0.022786 seconds .

========================================================================
Received Import Request.
  Time since last request: 40.388134 seconds.
  path: Assets/Prefabs/EnemyBomb.prefab
  artifactKey: Guid(17a5e7bad4b46134b8052c75a34a2820) Importer(815301076,1909f56bfc062723c751e8b465ee728b)
Start importing Assets/Prefabs/EnemyBomb.prefab using Guid(17a5e7bad4b46134b8052c75a34a2820) Importer(815301076,1909f56bfc062723c751e8b465ee728b)  -> (artifact id: '49c6d3295cfe11e57d8fb20aae75738d') in 0.022699 seconds
  Import took 0.026152 seconds .

========================================================================
Received Import Request.
  Time since last request: 1612.231785 seconds.
  path: Assets/Paths/Path (1) 1.prefab
  artifactKey: Guid(9c22b4c946cbe64498e204ed159e7776) Importer(815301076,1909f56bfc062723c751e8b465ee728b)
Start importing Assets/Paths/Path (1) 1.prefab using Guid(9c22b4c946cbe64498e204ed159e7776) Importer(815301076,1909f56bfc062723c751e8b465ee728b)  -> (artifact id: 'd66595372a65146da2b0eb33d651b3cf') in 0.021215 seconds
  Import took 0.025942 seconds .

========================================================================
Received Import Request.
  Time since last request: 103.499416 seconds.
  path: Assets/Paths/Path (2).prefab
  artifactKey: Guid(a75f47c31afe72548ad735c16c7031ba) Importer(815301076,1909f56bfc062723c751e8b465ee728b)
Start importing Assets/Paths/Path (2).prefab using Guid(a75f47c31afe72548ad735c16c7031ba) Importer(815301076,1909f56bfc062723c751e8b465ee728b)  -> (artifact id: '7b4689fe9563aeaf67aa9e0f77fe9b1f') in 0.016199 seconds
  Import took 0.020891 seconds .

========================================================================
Received Import Request.
  Time since last request: 0.002720 seconds.
  path: Assets/Paths/Path (2).prefab
  artifactKey: Guid(a75f47c31afe72548ad735c16c7031ba) Importer(815301076,1909f56bfc062723c751e8b465ee728b)
Start importing Assets/Paths/Path (2).prefab using Guid(a75f47c31afe72548ad735c16c7031ba) Importer(815301076,1909f56bfc062723c751e8b465ee728b)  -> (artifact id: '7b4689fe9563aeaf67aa9e0f77fe9b1f') in 0.010382 seconds
  Import took 0.014865 seconds .

========================================================================
Received Import Request.
  Time since last request: 69.280378 seconds.
  path: Assets/Waves/Wave 1.asset
  artifactKey: Guid(02caa7f7b272f1045ae72749d7edf4f4) Importer(815301076,1909f56bfc062723c751e8b465ee728b)
Start importing Assets/Waves/Wave 1.asset using Guid(02caa7f7b272f1045ae72749d7edf4f4) Importer(815301076,1909f56bfc062723c751e8b465ee728b)  -> (artifact id: '7061ae572e3151c1bdaeb3bba304a7af') in 0.031695 seconds
  Import took 0.038525 seconds .

========================================================================
Received Import Request.
  Time since last request: 28.327074 seconds.
  path: Assets/Waves/Wave 1.asset
  artifactKey: Guid(02caa7f7b272f1045ae72749d7edf4f4) Importer(815301076,1909f56bfc062723c751e8b465ee728b)
Start importing Assets/Waves/Wave 1.asset using Guid(02caa7f7b272f1045ae72749d7edf4f4) Importer(815301076,1909f56bfc062723c751e8b465ee728b)  -> (artifact id: '78c059aba946d775fb09b0eac209ac51') in 0.014888 seconds
  Import took 0.024606 seconds .

========================================================================
Received Import Request.
  Time since last request: 27.297546 seconds.
  path: Assets/Prefabs/Bob.prefab
  artifactKey: Guid(510b7d904cb40794391e2e65482e648a) Importer(815301076,1909f56bfc062723c751e8b465ee728b)
Start importing Assets/Prefabs/Bob.prefab using Guid(510b7d904cb40794391e2e65482e648a) Importer(815301076,1909f56bfc062723c751e8b465ee728b)  -> (artifact id: '2feb706ab7af78fdc540efa6a0fcca06') in 0.054583 seconds
  Import took 0.059846 seconds .

========================================================================
Received Prepare
Registering precompiled user dll's ...
Registered in 0.001338 seconds.
Begin MonoManager ReloadAssembly
Native extension for WindowsStandalone target not found
Refreshing native plugins compatible for Editor in 0.42 ms, found 1 plugins.
Preloading 0 native plugins for Editor in 0.00 ms.
Invoked RoslynAnalysisRunner static constructor.
RoslynAnalysisRunner will not be running.
RoslynAnalysisRunner has terminated.
Mono: successfully reloaded assembly
- Completed reload, in  1.656 seconds
Platform modules already initialized, skipping
Refreshing native plugins compatible for Editor in 0.42 ms, found 1 plugins.
Preloading 0 native plugins for Editor in 0.00 ms.
Unloading 1816 Unused Serialized files (Serialized files now loaded: 0)
System memory in use before: 160.9 MB.
System memory in use after: 160.9 MB.

Unloading 12 unused Assets to reduce memory usage. Loaded Objects now: 2361.
Total: 2.564700 ms (FindLiveObjects: 0.234000 ms CreateObjectMapping: 0.057900 ms MarkObjects: 2.103400 ms  DeleteObjects: 0.168100 ms)

========================================================================
Received Import Request.
  Time since last request: 88.813157 seconds.
  path: Assets/Prefabs/Bob.prefab
  artifactKey: Guid(510b7d904cb40794391e2e65482e648a) Importer(815301076,1909f56bfc062723c751e8b465ee728b)
Start importing Assets/Prefabs/Bob.prefab using Guid(510b7d904cb40794391e2e65482e648a) Importer(815301076,1909f56bfc062723c751e8b465ee728b)  -> (artifact id: '9257b0918a15fd94ca754d6aac2ecaa6') in 0.097969 seconds
  Import took 0.102145 seconds .

========================================================================
Received Import Request.
  Time since last request: 14.162220 seconds.
  path: Assets/Prefabs/Bob.prefab
  artifactKey: Guid(510b7d904cb40794391e2e65482e648a) Importer(815301076,1909f56bfc062723c751e8b465ee728b)
Start importing Assets/Prefabs/Bob.prefab using Guid(510b7d904cb40794391e2e65482e648a) Importer(815301076,1909f56bfc062723c751e8b465ee728b)  -> (artifact id: 'c6b680290d733af6a2c4da05dfe55200') in 0.028697 seconds
  Import took 0.042414 seconds .

========================================================================
Received Import Request.
  Time since last request: 0.012293 seconds.
  path: Assets/Prefabs/Bob.prefab
  artifactKey: Guid(510b7d904cb40794391e2e65482e648a) Importer(815301076,1909f56bfc062723c751e8b465ee728b)
Start importing Assets/Prefabs/Bob.prefab using Guid(510b7d904cb40794391e2e65482e648a) Importer(815301076,1909f56bfc062723c751e8b465ee728b)  -> (artifact id: 'c6b680290d733af6a2c4da05dfe55200') in 0.033567 seconds
  Import took 0.039385 seconds .

========================================================================
Received Import Request.
  Time since last request: 3.966223 seconds.
  path: Assets/Prefabs/Bob.prefab
  artifactKey: Guid(510b7d904cb40794391e2e65482e648a) Importer(815301076,1909f56bfc062723c751e8b465ee728b)
Start importing Assets/Prefabs/Bob.prefab using Guid(510b7d904cb40794391e2e65482e648a) Importer(815301076,1909f56bfc062723c751e8b465ee728b)  -> (artifact id: '16d603a34f9db56047664401f4f525b8') in 0.027220 seconds
  Import took 0.031080 seconds .

========================================================================
Received Import Request.
  Time since last request: 0.014141 seconds.
  path: Assets/Prefabs/Bob.prefab
  artifactKey: Guid(510b7d904cb40794391e2e65482e648a) Importer(815301076,1909f56bfc062723c751e8b465ee728b)
Start importing Assets/Prefabs/Bob.prefab using Guid(510b7d904cb40794391e2e65482e648a) Importer(815301076,1909f56bfc062723c751e8b465ee728b)  -> (artifact id: '16d603a34f9db56047664401f4f525b8') in 0.027103 seconds
  Import took 0.032564 seconds .

========================================================================
Received Prepare
Registering precompiled user dll's ...
Registered in 0.002260 seconds.
Begin MonoManager ReloadAssembly
Native extension for WindowsStandalone target not found
Refreshing native plugins compatible for Editor in 0.42 ms, found 1 plugins.
Preloading 0 native plugins for Editor in 0.00 ms.
Invoked RoslynAnalysisRunner static constructor.
RoslynAnalysisRunner will not be running.
RoslynAnalysisRunner has terminated.
Mono: successfully reloaded assembly
- Completed reload, in  1.266 seconds
Platform modules already initialized, skipping
Refreshing native plugins compatible for Editor in 0.41 ms, found 1 plugins.
Preloading 0 native plugins for Editor in 0.00 ms.
Unloading 1816 Unused Serialized files (Serialized files now loaded: 0)
System memory in use before: 161.1 MB.
System memory in use after: 161.1 MB.

Unloading 12 unused Assets to reduce memory usage. Loaded Objects now: 2366.
Total: 4.862800 ms (FindLiveObjects: 0.238200 ms CreateObjectMapping: 0.599100 ms MarkObjects: 3.884600 ms  DeleteObjects: 0.139300 ms)

========================================================================
Received Prepare
Registering precompiled user dll's ...
Registered in 0.001341 seconds.
Begin MonoManager ReloadAssembly
Native extension for WindowsStandalone target not found
Refreshing native plugins compatible for Editor in 0.47 ms, found 1 plugins.
Preloading 0 native plugins for Editor in 0.00 ms.
Invoked RoslynAnalysisRunner static constructor.
RoslynAnalysisRunner will not be running.
RoslynAnalysisRunner has terminated.
Mono: successfully reloaded assembly
- Completed reload, in  1.207 seconds
Platform modules already initialized, skipping
Refreshing native plugins compatible for Editor in 0.45 ms, found 1 plugins.
Preloading 0 native plugins for Editor in 0.00 ms.
Unloading 1816 Unused Serialized files (Serialized files now loaded: 0)
System memory in use before: 161.1 MB.
System memory in use after: 161.1 MB.

Unloading 12 unused Assets to reduce memory usage. Loaded Objects now: 2370.
Total: 3.110600 ms (FindLiveObjects: 0.251500 ms CreateObjectMapping: 0.062400 ms MarkObjects: 2.629900 ms  DeleteObjects: 0.164600 ms)

========================================================================
Received Prepare
Registering precompiled user dll's ...
Registered in 0.001863 seconds.
Begin MonoManager ReloadAssembly
Native extension for WindowsStandalone target not found
Refreshing native plugins compatible for Editor in 0.52 ms, found 1 plugins.
Preloading 0 native plugins for Editor in 0.00 ms.
Invoked RoslynAnalysisRunner static constructor.
RoslynAnalysisRunner will not be running.
RoslynAnalysisRunner has terminated.
Mono: successfully reloaded assembly
- Completed reload, in  1.081 seconds
Platform modules already initialized, skipping
Refreshing native plugins compatible for Editor in 0.61 ms, found 1 plugins.
Preloading 0 native plugins for Editor in 0.00 ms.
Unloading 1816 Unused Serialized files (Serialized files now loaded: 0)
System memory in use before: 161.1 MB.
System memory in use after: 161.1 MB.

Unloading 12 unused Assets to reduce memory usage. Loaded Objects now: 2374.
Total: 2.628200 ms (FindLiveObjects: 0.213900 ms CreateObjectMapping: 0.044500 ms MarkObjects: 2.238600 ms  DeleteObjects: 0.130100 ms)

========================================================================
Received Import Request.
  Time since last request: 504.727210 seconds.
  path: Assets/Paths/Path (2).prefab
  artifactKey: Guid(a75f47c31afe72548ad735c16c7031ba) Importer(815301076,1909f56bfc062723c751e8b465ee728b)
Start importing Assets/Paths/Path (2).prefab using Guid(a75f47c31afe72548ad735c16c7031ba) Importer(815301076,1909f56bfc062723c751e8b465ee728b)  -> (artifact id: 'f1cdad5815a4380cfbb3bb8d616cc59f') in 0.031423 seconds
  Import took 0.035749 seconds .

========================================================================
Received Prepare
Registering precompiled user dll's ...
Registered in 0.001469 seconds.
Begin MonoManager ReloadAssembly
Native extension for WindowsStandalone target not found
Refreshing native plugins compatible for Editor in 2.61 ms, found 1 plugins.
Preloading 0 native plugins for Editor in 0.00 ms.
Invoked RoslynAnalysisRunner static constructor.
RoslynAnalysisRunner will not be running.
RoslynAnalysisRunner has terminated.
Mono: successfully reloaded assembly
- Completed reload, in  1.199 seconds
Platform modules already initialized, skipping
Refreshing native plugins compatible for Editor in 0.41 ms, found 1 plugins.
Preloading 0 native plugins for Editor in 0.00 ms.
Unloading 1816 Unused Serialized files (Serialized files now loaded: 0)
System memory in use before: 161.2 MB.
System memory in use after: 161.1 MB.

Unloading 12 unused Assets to reduce memory usage. Loaded Objects now: 2378.
Total: 2.889200 ms (FindLiveObjects: 0.231900 ms CreateObjectMapping: 0.046200 ms MarkObjects: 2.447000 ms  DeleteObjects: 0.161100 ms)

========================================================================
Received Import Request.
  Time since last request: 174.263637 seconds.
  path: ProjectSettings/TagManager.asset
  artifactKey: Guid(00000000000000003000000000000000) Importer(815301076,1909f56bfc062723c751e8b465ee728b)
Start importing ProjectSettings/TagManager.asset using Guid(00000000000000003000000000000000) Importer(815301076,1909f56bfc062723c751e8b465ee728b)  -> (artifact id: 'd9a6961f0e52c8a248a153d57188937e') in 0.028932 seconds
  Import took 0.033728 seconds .

========================================================================
Received Import Request.
  Time since last request: 18.528366 seconds.
  path: Assets/Prefabs/PlayerLaser.prefab
  artifactKey: Guid(ac612f6211c322d4d83d834d2319be0b) Importer(815301076,1909f56bfc062723c751e8b465ee728b)
Start importing Assets/Prefabs/PlayerLaser.prefab using Guid(ac612f6211c322d4d83d834d2319be0b) Importer(815301076,1909f56bfc062723c751e8b465ee728b)  -> (artifact id: 'd90a80e20ba0ab4a735be482f014e834') in 0.081075 seconds
  Import took 0.084792 seconds .

========================================================================
Received Import Request.
  Time since last request: 13.925141 seconds.
  path: Assets/Prefabs/EnemyLaser.prefab
  artifactKey: Guid(632d3dfbb3c4ca94e8ac40ac19598c47) Importer(815301076,1909f56bfc062723c751e8b465ee728b)
Start importing Assets/Prefabs/EnemyLaser.prefab using Guid(632d3dfbb3c4ca94e8ac40ac19598c47) Importer(815301076,1909f56bfc062723c751e8b465ee728b)  -> (artifact id: '192816c091e909dea1fab85ff115a71b') in 0.028502 seconds
  Import took 0.032016 seconds .

========================================================================
Received Import Request.
  Time since last request: 0.003375 seconds.
  path: Assets/Prefabs/EnemyLaser.prefab
  artifactKey: Guid(632d3dfbb3c4ca94e8ac40ac19598c47) Importer(815301076,1909f56bfc062723c751e8b465ee728b)
Start importing Assets/Prefabs/EnemyLaser.prefab using Guid(632d3dfbb3c4ca94e8ac40ac19598c47) Importer(815301076,1909f56bfc062723c751e8b465ee728b)  -> (artifact id: '192816c091e909dea1fab85ff115a71b') in 0.022576 seconds
  Import took 0.026450 seconds .

========================================================================
Received Import Request.
  Time since last request: 2.484271 seconds.
  path: Assets/Prefabs/EnemyBomb.prefab
  artifactKey: Guid(17a5e7bad4b46134b8052c75a34a2820) Importer(815301076,1909f56bfc062723c751e8b465ee728b)
Start importing Assets/Prefabs/EnemyBomb.prefab using Guid(17a5e7bad4b46134b8052c75a34a2820) Importer(815301076,1909f56bfc062723c751e8b465ee728b)  -> (artifact id: 'db5c01a3322e9cddce14432c554a26ba') in 0.038629 seconds
  Import took 0.048390 seconds .

========================================================================
Received Import Request.
  Time since last request: 0.002385 seconds.
  path: Assets/Prefabs/EnemyBomb.prefab
  artifactKey: Guid(17a5e7bad4b46134b8052c75a34a2820) Importer(815301076,1909f56bfc062723c751e8b465ee728b)
Start importing Assets/Prefabs/EnemyBomb.prefab using Guid(17a5e7bad4b46134b8052c75a34a2820) Importer(815301076,1909f56bfc062723c751e8b465ee728b)  -> (artifact id: 'db5c01a3322e9cddce14432c554a26ba') in 0.020685 seconds
  Import took 0.025387 seconds .

========================================================================
Received Prepare
Registering precompiled user dll's ...
Registered in 0.001332 seconds.
Begin MonoManager ReloadAssembly
Native extension for WindowsStandalone target not found
Refreshing native plugins compatible for Editor in 0.43 ms, found 1 plugins.
Preloading 0 native plugins for Editor in 0.00 ms.
Invoked RoslynAnalysisRunner static constructor.
RoslynAnalysisRunner will not be running.
RoslynAnalysisRunner has terminated.
Mono: successfully reloaded assembly
- Completed reload, in  1.131 seconds
Platform modules already initialized, skipping
Refreshing native plugins compatible for Editor in 0.63 ms, found 1 plugins.
Preloading 0 native plugins for Editor in 0.00 ms.
Unloading 1816 Unused Serialized files (Serialized files now loaded: 0)
System memory in use before: 161.2 MB.
System memory in use after: 161.1 MB.

Unloading 13 unused Assets to reduce memory usage. Loaded Objects now: 2383.
Total: 2.658400 ms (FindLiveObjects: 0.247500 ms CreateObjectMapping: 0.062300 ms MarkObjects: 2.215500 ms  DeleteObjects: 0.131800 ms)

========================================================================
Received Prepare
Registering precompiled user dll's ...
Registered in 0.001645 seconds.
Begin MonoManager ReloadAssembly
Native extension for WindowsStandalone target not found
Refreshing native plugins compatible for Editor in 0.45 ms, found 1 plugins.
Preloading 0 native plugins for Editor in 0.00 ms.
Invoked RoslynAnalysisRunner static constructor.
RoslynAnalysisRunner will not be running.
RoslynAnalysisRunner has terminated.
Mono: successfully reloaded assembly
- Completed reload, in  1.577 seconds
Platform modules already initialized, skipping
Refreshing native plugins compatible for Editor in 0.43 ms, found 1 plugins.
Preloading 0 native plugins for Editor in 0.00 ms.
Unloading 1816 Unused Serialized files (Serialized files now loaded: 0)
System memory in use before: 161.2 MB.
System memory in use after: 161.1 MB.

Unloading 12 unused Assets to reduce memory usage. Loaded Objects now: 2387.
Total: 3.414600 ms (FindLiveObjects: 0.369700 ms CreateObjectMapping: 0.066100 ms MarkObjects: 2.836300 ms  DeleteObjects: 0.140600 ms)

========================================================================
Received Import Request.
  Time since last request: 240.233250 seconds.
  path: Assets/Scenes/Game.unity
  artifactKey: Guid(2cda990e2423bbf4892e6590ba056729) Importer(815301076,1909f56bfc062723c751e8b465ee728b)
Start importing Assets/Scenes/Game.unity using Guid(2cda990e2423bbf4892e6590ba056729) Importer(815301076,1909f56bfc062723c751e8b465ee728b)  -> (artifact id: '6414c551c3e9b4e6af67348316479b45') in 0.026115 seconds
  Import took 0.034225 seconds .

========================================================================
Received Prepare
Registering precompiled user dll's ...
Registered in 0.001315 seconds.
Begin MonoManager ReloadAssembly
Native extension for WindowsStandalone target not found
Refreshing native plugins compatible for Editor in 0.62 ms, found 1 plugins.
Preloading 0 native plugins for Editor in 0.00 ms.
Invoked RoslynAnalysisRunner static constructor.
RoslynAnalysisRunner will not be running.
RoslynAnalysisRunner has terminated.
Mono: successfully reloaded assembly
- Completed reload, in  1.228 seconds
Platform modules already initialized, skipping
Refreshing native plugins compatible for Editor in 0.40 ms, found 1 plugins.
Preloading 0 native plugins for Editor in 0.00 ms.
Unloading 1816 Unused Serialized files (Serialized files now loaded: 0)
System memory in use before: 161.2 MB.
System memory in use after: 161.2 MB.

Unloading 12 unused Assets to reduce memory usage. Loaded Objects now: 2391.
Total: 2.739100 ms (FindLiveObjects: 0.247200 ms CreateObjectMapping: 0.054500 ms MarkObjects: 2.275600 ms  DeleteObjects: 0.160300 ms)

========================================================================
Received Prepare
Registering precompiled user dll's ...
Registered in 0.001276 seconds.
Begin MonoManager ReloadAssembly
Native extension for WindowsStandalone target not found
Refreshing native plugins compatible for Editor in 0.42 ms, found 1 plugins.
Preloading 0 native plugins for Editor in 0.00 ms.
Invoked RoslynAnalysisRunner static constructor.
RoslynAnalysisRunner will not be running.
RoslynAnalysisRunner has terminated.
Mono: successfully reloaded assembly
- Completed reload, in  1.223 seconds
Platform modules already initialized, skipping
Refreshing native plugins compatible for Editor in 1.59 ms, found 1 plugins.
Preloading 0 native plugins for Editor in 0.00 ms.
Unloading 1816 Unused Serialized files (Serialized files now loaded: 0)
System memory in use before: 161.2 MB.
System memory in use after: 161.2 MB.

Unloading 12 unused Assets to reduce memory usage. Loaded Objects now: 2395.
Total: 2.959600 ms (FindLiveObjects: 0.270100 ms CreateObjectMapping: 0.054100 ms MarkObjects: 2.474800 ms  DeleteObjects: 0.158700 ms)

========================================================================
Received Prepare
Registering precompiled user dll's ...
Registered in 0.001416 seconds.
Begin MonoManager ReloadAssembly
Native extension for WindowsStandalone target not found
Refreshing native plugins compatible for Editor in 0.41 ms, found 1 plugins.
Preloading 0 native plugins for Editor in 0.00 ms.
Invoked RoslynAnalysisRunner static constructor.
RoslynAnalysisRunner will not be running.
RoslynAnalysisRunner has terminated.
Mono: successfully reloaded assembly
- Completed reload, in  1.264 seconds
Platform modules already initialized, skipping
Refreshing native plugins compatible for Editor in 0.78 ms, found 1 plugins.
Preloading 0 native plugins for Editor in 0.00 ms.
Unloading 1816 Unused Serialized files (Serialized files now loaded: 0)
System memory in use before: 161.2 MB.
System memory in use after: 161.2 MB.

Unloading 12 unused Assets to reduce memory usage. Loaded Objects now: 2399.
Total: 3.357200 ms (FindLiveObjects: 0.497000 ms CreateObjectMapping: 0.090000 ms MarkObjects: 2.628100 ms  DeleteObjects: 0.140700 ms)

========================================================================
Received Prepare
Registering precompiled user dll's ...
Registered in 0.001302 seconds.
Begin MonoManager ReloadAssembly
Native extension for WindowsStandalone target not found
Refreshing native plugins compatible for Editor in 0.42 ms, found 1 plugins.
Preloading 0 native plugins for Editor in 0.00 ms.
Invoked RoslynAnalysisRunner static constructor.
RoslynAnalysisRunner will not be running.
RoslynAnalysisRunner has terminated.
Mono: successfully reloaded assembly
- Completed reload, in  1.426 seconds
Platform modules already initialized, skipping
Refreshing native plugins compatible for Editor in 0.42 ms, found 1 plugins.
Preloading 0 native plugins for Editor in 0.00 ms.
Unloading 1817 Unused Serialized files (Serialized files now loaded: 0)
System memory in use before: 161.2 MB.
System memory in use after: 161.2 MB.

Unloading 12 unused Assets to reduce memory usage. Loaded Objects now: 2404.
Total: 2.989500 ms (FindLiveObjects: 0.228500 ms CreateObjectMapping: 0.047500 ms MarkObjects: 2.574700 ms  DeleteObjects: 0.137400 ms)

========================================================================
Received Import Request.
  Time since last request: 203.433502 seconds.
  path: Assets/Prefabs/EnemyBomb.prefab
  artifactKey: Guid(17a5e7bad4b46134b8052c75a34a2820) Importer(815301076,1909f56bfc062723c751e8b465ee728b)
Start importing Assets/Prefabs/EnemyBomb.prefab using Guid(17a5e7bad4b46134b8052c75a34a2820) Importer(815301076,1909f56bfc062723c751e8b465ee728b)  -> (artifact id: '31434b09d25e0d0bde7743e7e815281d') in 0.080245 seconds
  Import took 0.084223 seconds .

========================================================================
Received Prepare
Registering precompiled user dll's ...
Registered in 0.001172 seconds.
Begin MonoManager ReloadAssembly
Native extension for WindowsStandalone target not found
Refreshing native plugins compatible for Editor in 0.48 ms, found 1 plugins.
Preloading 0 native plugins for Editor in 0.00 ms.
Invoked RoslynAnalysisRunner static constructor.
RoslynAnalysisRunner will not be running.
RoslynAnalysisRunner has terminated.
Mono: successfully reloaded assembly
- Completed reload, in  1.479 seconds
Platform modules already initialized, skipping
Refreshing native plugins compatible for Editor in 0.52 ms, found 1 plugins.
Preloading 0 native plugins for Editor in 0.00 ms.
Unloading 1817 Unused Serialized files (Serialized files now loaded: 0)
System memory in use before: 161.2 MB.
System memory in use after: 161.2 MB.

Unloading 12 unused Assets to reduce memory usage. Loaded Objects now: 2409.
Total: 4.006800 ms (FindLiveObjects: 0.218500 ms CreateObjectMapping: 0.046300 ms MarkObjects: 3.601500 ms  DeleteObjects: 0.139100 ms)

========================================================================
Received Import Request.
  Time since last request: 20.219520 seconds.
  path: Assets/Scripts/Spinner.cs
  artifactKey: Guid(65d6d2091c6c20b4a8ed84ae44063559) Importer(815301076,1909f56bfc062723c751e8b465ee728b)
Start importing Assets/Scripts/Spinner.cs using Guid(65d6d2091c6c20b4a8ed84ae44063559) Importer(815301076,1909f56bfc062723c751e8b465ee728b)  -> (artifact id: '7781e61e455b38a40ebe161861e2fe01') in 0.011611 seconds
  Import took 0.020686 seconds .

========================================================================
Received Prepare
Registering precompiled user dll's ...
Registered in 0.001982 seconds.
Begin MonoManager ReloadAssembly
Native extension for WindowsStandalone target not found
Refreshing native plugins compatible for Editor in 0.43 ms, found 1 plugins.
Preloading 0 native plugins for Editor in 0.00 ms.
Invoked RoslynAnalysisRunner static constructor.
RoslynAnalysisRunner will not be running.
RoslynAnalysisRunner has terminated.
Mono: successfully reloaded assembly
- Completed reload, in  1.105 seconds
Platform modules already initialized, skipping
Refreshing native plugins compatible for Editor in 0.44 ms, found 1 plugins.
Preloading 0 native plugins for Editor in 0.00 ms.
Unloading 1817 Unused Serialized files (Serialized files now loaded: 0)
System memory in use before: 161.3 MB.
System memory in use after: 161.2 MB.

Unloading 12 unused Assets to reduce memory usage. Loaded Objects now: 2413.
Total: 2.773200 ms (FindLiveObjects: 0.235100 ms CreateObjectMapping: 0.045600 ms MarkObjects: 2.334700 ms  DeleteObjects: 0.155600 ms)

========================================================================
Received Import Request.
  Time since last request: 65.042377 seconds.
  path: Assets/Prefabs/EnemyBomb.prefab
  artifactKey: Guid(17a5e7bad4b46134b8052c75a34a2820) Importer(815301076,1909f56bfc062723c751e8b465ee728b)
Start importing Assets/Prefabs/EnemyBomb.prefab using Guid(17a5e7bad4b46134b8052c75a34a2820) Importer(815301076,1909f56bfc062723c751e8b465ee728b)  -> (artifact id: '939151fef69bb271a0770030608b2248') in 0.073274 seconds
  Import took 0.079525 seconds .

========================================================================
Received Import Request.
  Time since last request: 0.000192 seconds.
  path: Assets/Scripts/Spinner.cs
  artifactKey: Guid(65d6d2091c6c20b4a8ed84ae44063559) Importer(815301076,1909f56bfc062723c751e8b465ee728b)
Start importing Assets/Scripts/Spinner.cs using Guid(65d6d2091c6c20b4a8ed84ae44063559) Importer(815301076,1909f56bfc062723c751e8b465ee728b)  -> (artifact id: 'faebacc006a7c597147859b8c00cf36e') in 0.008724 seconds
  Import took 0.012254 seconds .

========================================================================
Received Import Request.
  Time since last request: 4.653551 seconds.
  path: Assets/Prefabs/EnemyBomb.prefab
  artifactKey: Guid(17a5e7bad4b46134b8052c75a34a2820) Importer(815301076,1909f56bfc062723c751e8b465ee728b)
Start importing Assets/Prefabs/EnemyBomb.prefab using Guid(17a5e7bad4b46134b8052c75a34a2820) Importer(815301076,1909f56bfc062723c751e8b465ee728b)  -> (artifact id: '91fba81db0199ea47ef65eeeb11c6efa') in 0.034663 seconds
  Import took 0.042419 seconds .

========================================================================
Received Prepare
Registering precompiled user dll's ...
Registered in 0.001319 seconds.
Begin MonoManager ReloadAssembly
Native extension for WindowsStandalone target not found
Refreshing native plugins compatible for Editor in 0.45 ms, found 1 plugins.
Preloading 0 native plugins for Editor in 0.00 ms.
Invoked RoslynAnalysisRunner static constructor.
RoslynAnalysisRunner will not be running.
RoslynAnalysisRunner has terminated.
Mono: successfully reloaded assembly
- Completed reload, in  1.116 seconds
Platform modules already initialized, skipping
Refreshing native plugins compatible for Editor in 0.57 ms, found 1 plugins.
Preloading 0 native plugins for Editor in 0.00 ms.
Unloading 1817 Unused Serialized files (Serialized files now loaded: 0)
System memory in use before: 161.3 MB.
System memory in use after: 161.2 MB.

Unloading 12 unused Assets to reduce memory usage. Loaded Objects now: 2418.
Total: 2.828800 ms (FindLiveObjects: 0.221600 ms CreateObjectMapping: 0.044800 ms MarkObjects: 2.390600 ms  DeleteObjects: 0.170400 ms)

========================================================================
Received Import Request.
  Time since last request: 35.524384 seconds.
  path: Assets/Prefabs/EnemyBomb.prefab
  artifactKey: Guid(17a5e7bad4b46134b8052c75a34a2820) Importer(815301076,1909f56bfc062723c751e8b465ee728b)
Start importing Assets/Prefabs/EnemyBomb.prefab using Guid(17a5e7bad4b46134b8052c75a34a2820) Importer(815301076,1909f56bfc062723c751e8b465ee728b)  -> (artifact id: '3ee92539ac9459de0b8bf914830a4517') in 0.073048 seconds
  Import took 0.077390 seconds .

========================================================================
Received Prepare
Registering precompiled user dll's ...
Registered in 0.001312 seconds.
Begin MonoManager ReloadAssembly
Native extension for WindowsStandalone target not found
Refreshing native plugins compatible for Editor in 0.90 ms, found 1 plugins.
Preloading 0 native plugins for Editor in 0.00 ms.
Invoked RoslynAnalysisRunner static constructor.
RoslynAnalysisRunner will not be running.
RoslynAnalysisRunner has terminated.
Mono: successfully reloaded assembly
- Completed reload, in  1.321 seconds
Platform modules already initialized, skipping
Refreshing native plugins compatible for Editor in 0.45 ms, found 1 plugins.
Preloading 0 native plugins for Editor in 0.00 ms.
Unloading 1817 Unused Serialized files (Serialized files now loaded: 0)
System memory in use before: 161.3 MB.
System memory in use after: 161.3 MB.

Unloading 12 unused Assets to reduce memory usage. Loaded Objects now: 2423.
Total: 2.871500 ms (FindLiveObjects: 0.282100 ms CreateObjectMapping: 0.073500 ms MarkObjects: 2.379300 ms  DeleteObjects: 0.135300 ms)

========================================================================
Received Prepare
Registering precompiled user dll's ...
Registered in 0.003170 seconds.
Begin MonoManager ReloadAssembly
Native extension for WindowsStandalone target not found
Refreshing native plugins compatible for Editor in 0.52 ms, found 1 plugins.
Preloading 0 native plugins for Editor in 0.00 ms.
Invoked RoslynAnalysisRunner static constructor.
RoslynAnalysisRunner will not be running.
RoslynAnalysisRunner has terminated.
Mono: successfully reloaded assembly
- Completed reload, in  1.100 seconds
Platform modules already initialized, skipping
Refreshing native plugins compatible for Editor in 0.42 ms, found 1 plugins.
Preloading 0 native plugins for Editor in 0.00 ms.
Unloading 1817 Unused Serialized files (Serialized files now loaded: 0)
System memory in use before: 161.3 MB.
System memory in use after: 161.3 MB.

Unloading 12 unused Assets to reduce memory usage. Loaded Objects now: 2427.
Total: 3.255400 ms (FindLiveObjects: 0.666300 ms CreateObjectMapping: 0.183300 ms MarkObjects: 2.265900 ms  DeleteObjects: 0.137900 ms)

========================================================================
Received Prepare
Refreshing native plugins compatible for Editor in 2.88 ms, found 1 plugins.
Preloading 0 native plugins for Editor in 0.00 ms.
Unloading 10 Unused Serialized files (Serialized files now loaded: 0)
System memory in use before: 125.6 MB.
System memory in use after: 125.5 MB.

Unloading 10 unused Assets to reduce memory usage. Loaded Objects now: 2427.
Total: 4.344300 ms (FindLiveObjects: 1.966300 ms CreateObjectMapping: 0.120800 ms MarkObjects: 2.113600 ms  DeleteObjects: 0.141500 ms)

========================================================================
Received Prepare
Refreshing native plugins compatible for Editor in 2.21 ms, found 1 plugins.
Preloading 0 native plugins for Editor in 0.00 ms.
Unloading 10 Unused Serialized files (Serialized files now loaded: 0)
System memory in use before: 125.6 MB.
System memory in use after: 125.6 MB.

Unloading 10 unused Assets to reduce memory usage. Loaded Objects now: 2427.
Total: 3.204700 ms (FindLiveObjects: 0.286100 ms CreateObjectMapping: 0.067300 ms MarkObjects: 2.672400 ms  DeleteObjects: 0.177200 ms)

========================================================================
Received Prepare
Refreshing native plugins compatible for Editor in 2.80 ms, found 1 plugins.
Preloading 0 native plugins for Editor in 0.00 ms.
Unloading 10 Unused Serialized files (Serialized files now loaded: 0)
System memory in use before: 125.6 MB.
System memory in use after: 125.6 MB.

Unloading 10 unused Assets to reduce memory usage. Loaded Objects now: 2427.
Total: 2.672600 ms (FindLiveObjects: 0.254900 ms CreateObjectMapping: 0.055100 ms MarkObjects: 2.204000 ms  DeleteObjects: 0.157200 ms)

========================================================================
Received Prepare
Registering precompiled user dll's ...
Registered in 0.001357 seconds.
Begin MonoManager ReloadAssembly
Native extension for WindowsStandalone target not found
Refreshing native plugins compatible for Editor in 0.44 ms, found 1 plugins.
Preloading 0 native plugins for Editor in 0.00 ms.
Invoked RoslynAnalysisRunner static constructor.
RoslynAnalysisRunner will not be running.
RoslynAnalysisRunner has terminated.
Mono: successfully reloaded assembly
- Completed reload, in  1.082 seconds
Platform modules already initialized, skipping
Refreshing native plugins compatible for Editor in 0.42 ms, found 1 plugins.
Preloading 0 native plugins for Editor in 0.00 ms.
Unloading 1817 Unused Serialized files (Serialized files now loaded: 0)
System memory in use before: 161.3 MB.
System memory in use after: 161.3 MB.

Unloading 12 unused Assets to reduce memory usage. Loaded Objects now: 2431.
Total: 3.160900 ms (FindLiveObjects: 0.253900 ms CreateObjectMapping: 0.057000 ms MarkObjects: 2.675300 ms  DeleteObjects: 0.173200 ms)

========================================================================
Received Prepare
Refreshing native plugins compatible for Editor in 2.49 ms, found 1 plugins.
Preloading 0 native plugins for Editor in 0.00 ms.
Unloading 10 Unused Serialized files (Serialized files now loaded: 0)
System memory in use before: 125.6 MB.
System memory in use after: 125.6 MB.

Unloading 10 unused Assets to reduce memory usage. Loaded Objects now: 2431.
Total: 4.782500 ms (FindLiveObjects: 2.017600 ms CreateObjectMapping: 0.162800 ms MarkObjects: 2.459600 ms  DeleteObjects: 0.140800 ms)

========================================================================
Received Prepare
Refreshing native plugins compatible for Editor in 1.97 ms, found 1 plugins.
Preloading 0 native plugins for Editor in 0.00 ms.
Unloading 10 Unused Serialized files (Serialized files now loaded: 0)
System memory in use before: 125.6 MB.
System memory in use after: 125.6 MB.

Unloading 10 unused Assets to reduce memory usage. Loaded Objects now: 2431.
Total: 3.177100 ms (FindLiveObjects: 0.291200 ms CreateObjectMapping: 0.065900 ms MarkObjects: 2.646100 ms  DeleteObjects: 0.171900 ms)

========================================================================
Received Prepare
Refreshing native plugins compatible for Editor in 2.75 ms, found 1 plugins.
Preloading 0 native plugins for Editor in 0.00 ms.
Unloading 10 Unused Serialized files (Serialized files now loaded: 0)
System memory in use before: 125.6 MB.
System memory in use after: 125.6 MB.

Unloading 10 unused Assets to reduce memory usage. Loaded Objects now: 2431.
Total: 3.207700 ms (FindLiveObjects: 0.389600 ms CreateObjectMapping: 0.079900 ms MarkObjects: 2.502800 ms  DeleteObjects: 0.233500 ms)

AssetImportWorkerClient::OnTransportError - code=2 error=End of file
